current directory: /home/duytd/rails_projects/photolio/path/ruby/2.3.0/gems/ffi-1.9.23/ext/ffi_c
/home/duytd/.rvm/rubies/ruby-2.3.4/bin/ruby -r ./siteconf20180319-18701-97vbcy.rb extconf.rb
checking for ffi_call() in -lffi... yes
checking for ffi_closure_alloc()... yes
checking for ffi_raw_call()... yes
checking for ffi_prep_raw_closure()... yes
checking for shlwapi.h... no
checking for rb_thread_blocking_region()... no
checking for rb_thread_call_with_gvl()... yes
checking for rb_thread_call_without_gvl()... yes
checking for ffi_prep_cif_var()... yes
creating extconf.h
creating Makefile

current directory: /home/duytd/rails_projects/photolio/path/ruby/2.3.0/gems/ffi-1.9.23/ext/ffi_c
make "DESTDIR=" clean

current directory: /home/duytd/rails_projects/photolio/path/ruby/2.3.0/gems/ffi-1.9.23/ext/ffi_c
make "DESTDIR="
compiling Thread.c
compiling ffi.c
compiling ArrayType.c
compiling StructByReference.c
compiling Platform.c
compiling Buffer.c
compiling DataConverter.c
compiling FunctionInfo.c
compiling Type.c
compiling DynamicLibrary.c
compiling Struct.c
compiling Pointer.c
compiling Call.c
In file included from Call.h:36:0,
                 from Function.h:48,
                 from Call.c:57:
Call.c: In function ‘rbffi_do_blocking_call’:
Thread.h:78:39: warning: implicit declaration of function ‘rb_thread_call_without_gvl’ [-Wimplicit-function-declaration]
 # define rbffi_thread_blocking_region rb_thread_call_without_gvl
                                       ^
Call.c:334:5: note: in expansion of macro ‘rbffi_thread_blocking_region’
     rbffi_thread_blocking_region(call_blocking_function, data, (void *) -1, NULL);
     ^
compiling Function.c
Function.c: In function ‘async_cb_event’:
Function.c:569:9: warning: implicit declaration of function ‘rb_thread_call_without_gvl’ [-Wimplicit-function-declaration]
         rb_thread_call_without_gvl(async_cb_wait, &w, async_cb_stop, &w);
         ^
compiling MethodHandle.c
compiling MappedType.c
compiling LongDouble.c
compiling StructByValue.c
compiling StructLayout.c
compiling Types.c
compiling Variadic.c
compiling Closure.c
compiling LastError.c
compiling AbstractMemory.c
compiling MemoryPointer.c
linking shared-object ffi_c.so

current directory: /home/duytd/rails_projects/photolio/path/ruby/2.3.0/gems/ffi-1.9.23/ext/ffi_c
make "DESTDIR=" install
/usr/bin/install -m 0755 ffi_c.so ./.gem.20180319-18701-zbqmgs
